Traceback (most recent call last):
  File "/home/runner/work/MoeBot_Project/MoeBot_Project/MoeBot_Trading_System/Data_Vault/rebuild/run_frozen_pipeline.py", line 134, in <module>
    main()
  File "/home/runner/work/MoeBot_Project/MoeBot_Project/MoeBot_Trading_System/Data_Vault/rebuild/run_frozen_pipeline.py", line 127, in main
    result = build(args.year, args.source, args.runtime_root, args.work_dir, args.group6_output)
             ^^^^^^^^^^^^^^^^^^^^^^^^^^^^^^^^^^^^^^^^^^^^^^^^^^^^^^^^^^^^^^^^^^^^^^^^^^^^^^^^^^^
  File "/home/runner/work/MoeBot_Project/MoeBot_Project/MoeBot_Trading_System/Data_Vault/rebuild/run_frozen_pipeline.py", line 106, in build
    logs["group6_selftest"] = run([py, str(engines["g6"]), "selftest"])
                              ^^^^^^^^^^^^^^^^^^^^^^^^^^^^^^^^^^^^^^^^^
  File "/home/runner/work/MoeBot_Project/MoeBot_Project/MoeBot_Trading_System/Data_Vault/rebuild/run_frozen_pipeline.py", line 38, in run
    raise RuntimeError(json.dumps(result, indent=2))
RuntimeError: {
  "command": [
    "/opt/hostedtoolcache/Python/3.12.13/x64/bin/python",
    "/home/runner/work/_temp/frozen_groups_2_6/runtime/group6/code/moebot_group6_engine.py",
    "selftest"
  ],
  "returncode": 1,
  "elapsed_seconds": 0.059,
  "output": "Traceback (most recent call last):\n  File \"/home/runner/work/_temp/frozen_groups_2_6/runtime/group6/code/moebot_group6_engine.py\", line 8, in <module>\n    from sortedcontainers import SortedList\nModuleNotFoundError: No module named 'sortedcontainers'\n"
}
